<?xml version="1.0" encoding="UTF-8"?>
<!-- Generated by org.testng.reporters.JUnitReportReporter -->
<testsuite hostname="HYDPCM346152L" failures="0" tests="1" name="google1.NewTest" time="8.856" errors="0" timestamp="2020-10-14T20:25:07 IST" skipped="0">
  <testcase classname="google1.NewTest" name="f" time="8.856"/>
  <system-out/>
</testsuite> <!-- google1.NewTest -->
